INFO 2025-12-22 14:06:34,968 autoreload Watching for file changes with StatReloader
INFO 2025-12-22 14:08:32,493 autoreload E:\PitCrewAiReview\backend\pitcrew\settings.py changed, reloading.
INFO 2025-12-22 14:08:33,735 autoreload Watching for file changes with StatReloader
INFO 2025-12-22 14:08:42,177 autoreload E:\PitCrewAiReview\backend\pitcrew\settings.py changed, reloading.
INFO 2025-12-22 14:08:43,330 autoreload Watching for file changes with StatReloader
INFO 2025-12-22 14:16:52,383 autoreload Watching for file changes with StatReloader
INFO 2025-12-22 14:18:33,028 autoreload E:\PitCrewAiReview\backend\pitcrew\settings.py changed, reloading.
INFO 2025-12-22 14:18:33,338 autoreload E:\PitCrewAiReview\backend\pitcrew\settings.py changed, reloading.
INFO 2025-12-22 14:18:35,547 autoreload Watching for file changes with StatReloader
INFO 2025-12-22 14:18:35,569 autoreload Watching for file changes with StatReloader
INFO 2025-12-22 14:18:38,764 autoreload E:\PitCrewAiReview\backend\pitcrew\settings.py changed, reloading.
INFO 2025-12-22 14:18:38,810 autoreload E:\PitCrewAiReview\backend\pitcrew\settings.py changed, reloading.
INFO 2025-12-22 14:18:40,294 autoreload Watching for file changes with StatReloader
INFO 2025-12-22 14:18:40,303 autoreload Watching for file changes with StatReloader
INFO 2025-12-22 14:19:08,241 autoreload E:\PitCrewAiReview\backend\pitcrew\settings.py changed, reloading.
INFO 2025-12-22 14:19:08,257 autoreload E:\PitCrewAiReview\backend\pitcrew\settings.py changed, reloading.
INFO 2025-12-22 14:19:09,522 autoreload Watching for file changes with StatReloader
INFO 2025-12-22 14:19:09,531 autoreload Watching for file changes with StatReloader
INFO 2025-12-22 14:19:19,404 autoreload E:\PitCrewAiReview\backend\pitcrew\settings.py changed, reloading.
INFO 2025-12-22 14:19:19,413 autoreload E:\PitCrewAiReview\backend\pitcrew\settings.py changed, reloading.
INFO 2025-12-22 14:19:20,911 autoreload Watching for file changes with StatReloader
INFO 2025-12-22 14:19:20,920 autoreload Watching for file changes with StatReloader
INFO 2025-12-22 14:19:36,025 autoreload E:\PitCrewAiReview\backend\pitcrew\settings.py changed, reloading.
INFO 2025-12-22 14:19:36,028 autoreload E:\PitCrewAiReview\backend\pitcrew\settings.py changed, reloading.
INFO 2025-12-22 14:19:37,393 autoreload Watching for file changes with StatReloader
INFO 2025-12-22 14:19:37,402 autoreload Watching for file changes with StatReloader
INFO 2025-12-22 14:20:14,149 autoreload E:\PitCrewAiReview\backend\pitcrew\settings.py changed, reloading.
INFO 2025-12-22 14:20:14,163 autoreload E:\PitCrewAiReview\backend\pitcrew\settings.py changed, reloading.
INFO 2025-12-22 14:20:15,963 autoreload Watching for file changes with StatReloader
INFO 2025-12-22 14:20:15,977 autoreload Watching for file changes with StatReloader
INFO 2025-12-22 14:23:31,206 autoreload E:\PitCrewAiReview\backend\pitcrew\settings.py changed, reloading.
INFO 2025-12-22 14:23:31,254 autoreload E:\PitCrewAiReview\backend\pitcrew\settings.py changed, reloading.
INFO 2025-12-22 14:23:33,111 autoreload Watching for file changes with StatReloader
INFO 2025-12-22 14:23:33,290 autoreload Watching for file changes with StatReloader
INFO 2025-12-22 14:23:39,803 autoreload E:\PitCrewAiReview\backend\pitcrew\settings.py changed, reloading.
INFO 2025-12-22 14:23:39,872 autoreload E:\PitCrewAiReview\backend\pitcrew\settings.py changed, reloading.
INFO 2025-12-22 14:23:41,111 autoreload Watching for file changes with StatReloader
INFO 2025-12-22 14:23:41,194 autoreload Watching for file changes with StatReloader
INFO 2025-12-22 14:28:39,982 autoreload E:\PitCrewAiReview\backend\pitcrew\settings.py changed, reloading.
INFO 2025-12-22 14:28:41,531 autoreload Watching for file changes with StatReloader
INFO 2025-12-22 14:31:58,033 autoreload E:\PitCrewAiReview\backend\pitcrew\settings.py changed, reloading.
INFO 2025-12-22 14:31:59,126 autoreload Watching for file changes with StatReloader
INFO 2025-12-22 14:32:01,624 autoreload E:\PitCrewAiReview\backend\pitcrew\settings.py changed, reloading.
INFO 2025-12-22 14:32:02,716 autoreload Watching for file changes with StatReloader
INFO 2025-12-22 14:32:39,973 autoreload E:\PitCrewAiReview\backend\pitcrew\settings.py changed, reloading.
INFO 2025-12-22 14:32:41,358 autoreload Watching for file changes with StatReloader
INFO 2025-12-22 14:34:37,308 autoreload E:\PitCrewAiReview\backend\pitcrew\settings.py changed, reloading.
INFO 2025-12-22 14:34:38,651 autoreload Watching for file changes with StatReloader
INFO 2025-12-22 14:38:29,667 autoreload E:\PitCrewAiReview\backend\pitcrew\settings.py changed, reloading.
INFO 2025-12-22 14:38:31,022 autoreload Watching for file changes with StatReloader
INFO 2025-12-22 14:38:33,461 autoreload E:\PitCrewAiReview\backend\pitcrew\settings.py changed, reloading.
INFO 2025-12-22 14:38:34,868 autoreload Watching for file changes with StatReloader
INFO 2025-12-22 14:38:42,330 autoreload E:\PitCrewAiReview\backend\pitcrew\settings.py changed, reloading.
INFO 2025-12-22 14:38:43,766 autoreload Watching for file changes with StatReloader
INFO 2025-12-22 14:38:50,041 autoreload E:\PitCrewAiReview\backend\pitcrew\settings.py changed, reloading.
INFO 2025-12-22 14:38:51,383 autoreload Watching for file changes with StatReloader
INFO 2025-12-22 14:40:06,796 autoreload E:\PitCrewAiReview\backend\pitcrew\settings.py changed, reloading.
INFO 2025-12-22 14:40:07,962 autoreload Watching for file changes with StatReloader
INFO 2025-12-22 15:09:28,939 autoreload Watching for file changes with StatReloader
INFO 2025-12-22 15:11:12,346 autoreload E:\PitCrewAiReview\backend\pitcrew\urls.py changed, reloading.
INFO 2025-12-22 15:11:14,865 autoreload Watching for file changes with StatReloader
INFO 2025-12-22 15:11:27,769 autoreload E:\PitCrewAiReview\backend\pitcrew\urls.py changed, reloading.
INFO 2025-12-22 15:11:29,856 autoreload Watching for file changes with StatReloader
INFO 2025-12-22 15:11:47,515 autoreload E:\PitCrewAiReview\backend\pitcrew\urls.py changed, reloading.
INFO 2025-12-22 15:11:50,540 autoreload Watching for file changes with StatReloader
INFO 2025-12-22 15:12:00,388 autoreload E:\PitCrewAiReview\backend\pitcrew\urls.py changed, reloading.
INFO 2025-12-22 15:12:02,529 autoreload Watching for file changes with StatReloader
INFO 2025-12-22 15:12:10,916 autoreload E:\PitCrewAiReview\backend\pitcrew\urls.py changed, reloading.
INFO 2025-12-22 15:12:13,647 autoreload Watching for file changes with StatReloader
INFO 2025-12-22 15:12:16,943 autoreload E:\PitCrewAiReview\backend\pitcrew\urls.py changed, reloading.
INFO 2025-12-22 15:12:19,514 autoreload Watching for file changes with StatReloader
INFO 2025-12-22 15:15:54,887 autoreload E:\PitCrewAiReview\backend\pitcrew\urls.py changed, reloading.
INFO 2025-12-22 15:15:57,191 autoreload Watching for file changes with StatReloader
INFO 2025-12-22 15:16:04,497 autoreload E:\PitCrewAiReview\backend\pitcrew\urls.py changed, reloading.
INFO 2025-12-22 15:16:06,824 autoreload Watching for file changes with StatReloader
INFO 2025-12-22 15:16:43,446 autoreload E:\PitCrewAiReview\backend\pitcrew\urls.py changed, reloading.
INFO 2025-12-22 15:16:48,454 autoreload Watching for file changes with StatReloader
INFO 2025-12-22 15:17:10,611 autoreload E:\PitCrewAiReview\backend\pitcrew\urls.py changed, reloading.
INFO 2025-12-22 15:17:16,735 autoreload Watching for file changes with StatReloader
INFO 2025-12-22 15:18:31,481 autoreload Watching for file changes with StatReloader
INFO 2025-12-22 15:25:20,682 autoreload E:\PitCrewAiReview\backend\pitcrew\settings.py changed, reloading.
INFO 2025-12-22 15:25:26,060 autoreload Watching for file changes with StatReloader
INFO 2025-12-22 15:25:29,369 autoreload E:\PitCrewAiReview\backend\pitcrew\settings.py changed, reloading.
INFO 2025-12-22 15:25:33,291 autoreload Watching for file changes with StatReloader
INFO 2025-12-22 15:26:03,375 autoreload Watching for file changes with StatReloader
INFO 2025-12-22 15:26:44,998 autoreload E:\PitCrewAiReview\backend\reviews\models.py changed, reloading.
INFO 2025-12-22 15:26:50,893 autoreload Watching for file changes with StatReloader
INFO 2025-12-22 15:27:24,283 autoreload E:\PitCrewAiReview\backend\pitcrew\urls.py changed, reloading.
INFO 2025-12-22 15:27:28,977 autoreload Watching for file changes with StatReloader
INFO 2025-12-22 15:27:41,016 autoreload E:\PitCrewAiReview\backend\pitcrew\urls.py changed, reloading.
INFO 2025-12-22 15:27:44,793 autoreload Watching for file changes with StatReloader
INFO 2025-12-22 15:28:41,839 autoreload Watching for file changes with StatReloader
INFO 2025-12-22 15:39:54,395 autoreload Watching for file changes with StatReloader
INFO 2025-12-22 15:47:13,716 autoreload Watching for file changes with StatReloader
INFO 2025-12-22 15:48:18,530 autoreload Watching for file changes with StatReloader
INFO 2025-12-22 15:50:08,337 autoreload Watching for file changes with StatReloader
INFO 2025-12-22 15:51:58,700 autoreload E:\PitCrewAiReview\backend\reviews\apps.py changed, reloading.
INFO 2025-12-22 15:52:04,404 autoreload Watching for file changes with StatReloader
INFO 2025-12-22 15:52:57,345 autoreload E:\PitCrewAiReview\backend\reviews\__init__.py changed, reloading.
INFO 2025-12-22 15:53:01,091 autoreload Watching for file changes with StatReloader
INFO 2025-12-22 15:53:20,482 autoreload E:\PitCrewAiReview\backend\repos\__init__.py changed, reloading.
INFO 2025-12-22 15:53:25,518 autoreload Watching for file changes with StatReloader
INFO 2025-12-22 15:53:29,421 autoreload E:\PitCrewAiReview\backend\repos\__init__.py changed, reloading.
INFO 2025-12-22 15:53:33,077 autoreload Watching for file changes with StatReloader
INFO 2025-12-22 15:53:35,652 autoreload E:\PitCrewAiReview\backend\repos\__init__.py changed, reloading.
INFO 2025-12-22 15:53:39,426 autoreload Watching for file changes with StatReloader
INFO 2025-12-22 15:53:52,523 autoreload E:\PitCrewAiReview\backend\pitcrew\__init__.py changed, reloading.
INFO 2025-12-22 15:53:58,300 autoreload Watching for file changes with StatReloader
INFO 2025-12-22 15:54:02,035 autoreload E:\PitCrewAiReview\backend\pitcrew\__init__.py changed, reloading.
INFO 2025-12-22 15:54:06,118 autoreload Watching for file changes with StatReloader
INFO 2025-12-22 16:21:47,498 autoreload Watching for file changes with StatReloader
INFO 2025-12-22 16:44:40,116 autoreload Watching for file changes with StatReloader
INFO 2025-12-22 16:47:25,584 autoreload E:\PitCrewAiReview\backend\reviews\__init__.py changed, reloading.
INFO 2025-12-22 16:47:30,047 autoreload Watching for file changes with StatReloader
INFO 2025-12-22 16:47:38,826 autoreload E:\PitCrewAiReview\backend\reviews\__init__.py changed, reloading.
INFO 2025-12-22 16:47:43,139 autoreload Watching for file changes with StatReloader
INFO 2025-12-22 16:48:07,200 autoreload E:\PitCrewAiReview\backend\apps\reviews\__init__.py changed, reloading.
INFO 2025-12-22 16:48:12,080 autoreload Watching for file changes with StatReloader
INFO 2025-12-22 16:48:18,234 autoreload E:\PitCrewAiReview\backend\auth_app\__init__.py changed, reloading.
INFO 2025-12-22 16:48:24,000 autoreload Watching for file changes with StatReloader
INFO 2025-12-22 16:48:26,851 autoreload E:\PitCrewAiReview\backend\auth_app\__init__.py changed, reloading.
INFO 2025-12-22 16:48:31,049 autoreload Watching for file changes with StatReloader
INFO 2025-12-22 16:49:47,661 autoreload Watching for file changes with StatReloader
INFO 2025-12-22 16:51:52,339 autoreload E:\PitCrewAiReview\backend\pitcrew\settings.py changed, reloading.
INFO 2025-12-22 16:51:57,726 autoreload Watching for file changes with StatReloader
INFO 2025-12-22 16:52:09,021 autoreload E:\PitCrewAiReview\backend\pitcrew\settings.py changed, reloading.
INFO 2025-12-22 16:52:11,667 autoreload Watching for file changes with StatReloader
INFO 2025-12-22 16:52:37,770 autoreload Watching for file changes with StatReloader
INFO 2025-12-22 16:56:15,667 autoreload Watching for file changes with StatReloader
INFO 2025-12-22 17:15:03,911 autoreload Watching for file changes with StatReloader
INFO 2025-12-23 22:25:06,709 autoreload Watching for file changes with StatReloader
WARNING 2025-12-23 22:25:15,513 log Not Found: /
WARNING 2025-12-23 22:25:15,514 basehttp "GET / HTTP/1.1" 404 2757
WARNING 2025-12-23 22:25:16,008 log Not Found: /favicon.ico
WARNING 2025-12-23 22:25:16,009 basehttp "GET /favicon.ico HTTP/1.1" 404 2808
INFO 2025-12-23 22:26:11,673 autoreload E:\PitCrewAiReview\backend\pitcrew\settings.py changed, reloading.
INFO 2025-12-23 22:26:17,081 autoreload Watching for file changes with StatReloader
WARNING 2025-12-23 22:26:19,109 log Not Found: /
WARNING 2025-12-23 22:26:19,111 basehttp "GET / HTTP/1.1" 404 2757
INFO 2025-12-23 22:26:24,884 autoreload E:\PitCrewAiReview\backend\pitcrew\settings.py changed, reloading.
INFO 2025-12-23 22:26:30,597 autoreload Watching for file changes with StatReloader
WARNING 2025-12-23 22:39:35,178 log Not Found: /
WARNING 2025-12-23 22:39:35,216 basehttp "GET / HTTP/1.1" 404 2757
INFO 2025-12-23 22:42:45,109 autoreload Watching for file changes with StatReloader
WARNING 2025-12-23 22:42:55,507 log Not Found: /
WARNING 2025-12-23 22:42:55,511 basehttp "GET / HTTP/1.1" 404 2757
WARNING 2025-12-23 23:02:51,371 log Not Found: /
WARNING 2025-12-23 23:02:51,373 basehttp "GET / HTTP/1.1" 404 2757
WARNING 2025-12-23 23:07:08,000 log Not Found: /
WARNING 2025-12-23 23:07:08,002 basehttp "GET / HTTP/1.1" 404 2757
WARNING 2025-12-23 23:07:09,997 log Not Found: /
WARNING 2025-12-23 23:07:09,999 basehttp "GET / HTTP/1.1" 404 2757
WARNING 2025-12-23 23:28:45,285 log Not Found: /
WARNING 2025-12-23 23:28:45,298 basehttp "GET / HTTP/1.1" 404 2757
INFO 2025-12-23 23:29:31,469 autoreload E:\PitCrewAiReview\backend\pitcrew\settings.py changed, reloading.
INFO 2025-12-23 23:29:40,854 autoreload Watching for file changes with StatReloader
WARNING 2025-12-23 23:29:54,861 log Not Found: /
WARNING 2025-12-23 23:29:54,863 basehttp "GET / HTTP/1.1" 404 2757
INFO 2025-12-23 23:30:13,128 autoreload E:\PitCrewAiReview\backend\pitcrew\settings.py changed, reloading.
INFO 2025-12-23 23:30:16,903 autoreload Watching for file changes with StatReloader
INFO 2025-12-23 23:31:54,081 autoreload E:\PitCrewAiReview\backend\apps\auth_app\urls.py changed, reloading.
INFO 2025-12-23 23:32:00,313 autoreload Watching for file changes with StatReloader
INFO 2025-12-23 23:34:32,007 autoreload E:\PitCrewAiReview\backend\apps\auth_app\views.py changed, reloading.
INFO 2025-12-23 23:34:37,167 autoreload Watching for file changes with StatReloader
INFO 2025-12-23 23:35:24,059 autoreload E:\PitCrewAiReview\backend\apps\reviews\views.py changed, reloading.
INFO 2025-12-23 23:35:29,370 autoreload Watching for file changes with StatReloader
INFO 2025-12-23 23:36:00,356 autoreload E:\PitCrewAiReview\backend\apps\repos\models.py changed, reloading.
INFO 2025-12-23 23:36:05,314 autoreload Watching for file changes with StatReloader
INFO 2025-12-23 23:36:18,349 autoreload E:\PitCrewAiReview\backend\apps\repos\serializers.py changed, reloading.
INFO 2025-12-23 23:36:23,070 autoreload Watching for file changes with StatReloader
INFO 2025-12-23 23:36:52,114 autoreload E:\PitCrewAiReview\backend\apps\reviews\views.py changed, reloading.
INFO 2025-12-23 23:36:56,046 autoreload Watching for file changes with StatReloader
INFO 2025-12-23 23:37:02,780 autoreload E:\PitCrewAiReview\backend\apps\reviews\views.py changed, reloading.
INFO 2025-12-23 23:37:06,795 autoreload Watching for file changes with StatReloader
INFO 2025-12-23 23:37:25,150 autoreload E:\PitCrewAiReview\backend\apps\reviews\views.py changed, reloading.
INFO 2025-12-23 23:37:29,049 autoreload Watching for file changes with StatReloader
INFO 2025-12-23 23:37:34,954 autoreload E:\PitCrewAiReview\backend\apps\repos\views.py changed, reloading.
INFO 2025-12-23 23:37:39,447 autoreload Watching for file changes with StatReloader
INFO 2025-12-23 23:37:51,675 autoreload E:\PitCrewAiReview\backend\apps\reviews\views.py changed, reloading.
INFO 2025-12-23 23:37:55,796 autoreload Watching for file changes with StatReloader
INFO 2025-12-23 23:39:06,298 autoreload E:\PitCrewAiReview\backend\apps\reviews\views.py changed, reloading.
INFO 2025-12-23 23:39:11,847 autoreload Watching for file changes with StatReloader
INFO 2025-12-23 23:53:11,546 autoreload Watching for file changes with StatReloader
WARNING 2025-12-23 23:53:19,201 log Unauthorized: /
WARNING 2025-12-23 23:53:19,202 basehttp "GET / HTTP/1.1" 401 5046
INFO 2025-12-23 23:53:19,705 basehttp "GET /static/rest_framework/css/bootstrap-tweaks.css HTTP/1.1" 200 3385
INFO 2025-12-23 23:53:19,807 basehttp "GET /static/rest_framework/css/bootstrap.min.css HTTP/1.1" 200 121457
INFO 2025-12-23 23:53:19,819 basehttp "GET /static/rest_framework/css/prettify.css HTTP/1.1" 200 817
INFO 2025-12-23 23:53:19,901 basehttp "GET /static/rest_framework/js/csrf.js HTTP/1.1" 200 1719
INFO 2025-12-23 23:53:19,994 basehttp "GET /static/rest_framework/css/default.css HTTP/1.1" 200 1152
INFO 2025-12-23 23:53:20,010 basehttp "GET /static/rest_framework/js/ajax-form.js HTTP/1.1" 200 3597
INFO 2025-12-23 23:53:20,155 basehttp "GET /static/rest_framework/js/bootstrap.min.js HTTP/1.1" 200 39680
INFO 2025-12-23 23:53:20,180 basehttp "GET /static/rest_framework/js/default.js HTTP/1.1" 200 1268
INFO 2025-12-23 23:53:20,212 basehttp "GET /static/rest_framework/js/jquery-3.5.1.min.js HTTP/1.1" 200 89476
INFO 2025-12-23 23:53:20,260 basehttp "GET /static/rest_framework/js/prettify-min.js HTTP/1.1" 200 13632
INFO 2025-12-23 23:53:20,405 basehttp "GET /static/rest_framework/img/grid.png HTTP/1.1" 200 1458
INFO 2025-12-24 00:02:20,145 autoreload E:\PitCrewAiReview\backend\pitcrew\settings.py changed, reloading.
INFO 2025-12-24 00:02:24,204 autoreload Watching for file changes with StatReloader
INFO 2025-12-24 00:02:29,883 autoreload E:\PitCrewAiReview\backend\pitcrew\settings.py changed, reloading.
INFO 2025-12-24 00:02:37,924 autoreload Watching for file changes with StatReloader
INFO 2025-12-24 00:02:43,688 autoreload E:\PitCrewAiReview\backend\pitcrew\settings.py changed, reloading.
INFO 2025-12-24 00:02:48,947 autoreload Watching for file changes with StatReloader
WARNING 2025-12-24 00:16:09,161 log Unauthorized: /
WARNING 2025-12-24 00:16:09,164 basehttp "GET / HTTP/1.1" 401 5046
WARNING 2025-12-24 00:16:17,773 log Unauthorized: /
WARNING 2025-12-24 00:16:17,789 basehttp "GET / HTTP/1.1" 401 5046
WARNING 2025-12-24 00:16:23,311 log Unauthorized: /
WARNING 2025-12-24 00:16:23,318 basehttp "GET /?format=api HTTP/1.1" 401 5079
WARNING 2025-12-24 00:16:28,147 log Unauthorized: /
WARNING 2025-12-24 00:16:28,151 basehttp "GET /?format=json HTTP/1.1" 401 58
WARNING 2025-12-24 00:16:32,643 log Unauthorized: /
WARNING 2025-12-24 00:16:32,651 basehttp "GET /?format=api HTTP/1.1" 401 5079
INFO 2025-12-24 00:19:24,827 basehttp "GET /api-auth/login/?next=/ HTTP/1.1" 200 2701
INFO 2025-12-24 00:19:29,251 basehttp "POST /api-auth/login/ HTTP/1.1" 200 2941
INFO 2025-12-24 00:19:54,370 basehttp "POST /api-auth/login/ HTTP/1.1" 302 0
INFO 2025-12-24 00:19:54,388 basehttp "GET / HTTP/1.1" 200 246
INFO 2025-12-24 00:20:26,124 basehttp "GET / HTTP/1.1" 200 246
INFO 2025-12-24 00:23:32,617 basehttp "GET /api-auth/login/?next=/ HTTP/1.1" 200 2701
INFO 2025-12-24 00:23:34,293 basehttp "GET /?format=api HTTP/1.1" 200 246
INFO 2025-12-24 00:23:38,788 basehttp "GET / HTTP/1.1" 200 246
INFO 2025-12-24 00:42:03,814 basehttp "GET / HTTP/1.1" 200 246
WARNING 2025-12-24 00:42:12,956 log Not Found: /login
WARNING 2025-12-24 00:42:12,957 basehttp "GET /login HTTP/1.1" 404 2891
WARNING 2025-12-24 00:42:38,252 log Not Found: /login
WARNING 2025-12-24 00:42:38,257 basehttp "GET /login HTTP/1.1" 404 2891
INFO 2025-12-24 00:44:59,811 autoreload Watching for file changes with StatReloader
INFO 2025-12-24 00:45:05,877 basehttp "GET / HTTP/1.1" 200 246
WARNING 2025-12-24 00:45:19,338 log Not Found: /login
WARNING 2025-12-24 00:45:19,342 basehttp "GET /login HTTP/1.1" 404 2891
INFO 2025-12-24 00:47:33,573 autoreload E:\PitCrewAiReview\backend\pitcrew\urls.py changed, reloading.
INFO 2025-12-24 00:47:33,642 autoreload E:\PitCrewAiReview\backend\pitcrew\urls.py changed, reloading.
INFO 2025-12-24 00:47:38,120 autoreload Watching for file changes with StatReloader
INFO 2025-12-24 00:47:38,601 autoreload Watching for file changes with StatReloader
WARNING 2025-12-24 00:47:47,694 log Not Found: /login
WARNING 2025-12-24 00:47:47,700 basehttp "GET /login HTTP/1.1" 404 2895
WARNING 2025-12-24 00:47:52,114 log Not Found: /login
WARNING 2025-12-24 00:47:52,123 basehttp "GET /login HTTP/1.1" 404 2895
INFO 2025-12-24 00:48:04,185 autoreload E:\PitCrewAiReview\backend\pitcrew\urls.py changed, reloading.
INFO 2025-12-24 00:48:04,257 autoreload E:\PitCrewAiReview\backend\pitcrew\urls.py changed, reloading.
INFO 2025-12-24 00:48:09,394 autoreload Watching for file changes with StatReloader
INFO 2025-12-24 00:48:09,578 autoreload Watching for file changes with StatReloader
INFO 2025-12-24 00:48:39,258 autoreload E:\PitCrewAiReview\backend\pitcrew\urls.py changed, reloading.
INFO 2025-12-24 00:48:39,352 autoreload E:\PitCrewAiReview\backend\pitcrew\urls.py changed, reloading.
INFO 2025-12-24 00:48:43,265 autoreload Watching for file changes with StatReloader
INFO 2025-12-24 00:48:43,289 autoreload Watching for file changes with StatReloader
INFO 2025-12-24 00:48:52,445 autoreload E:\PitCrewAiReview\backend\pitcrew\urls.py changed, reloading.
INFO 2025-12-24 00:48:52,496 autoreload E:\PitCrewAiReview\backend\pitcrew\urls.py changed, reloading.
INFO 2025-12-24 00:48:56,478 autoreload Watching for file changes with StatReloader
INFO 2025-12-24 00:48:56,493 autoreload Watching for file changes with StatReloader
WARNING 2025-12-24 00:48:58,258 log Not Found: /login
WARNING 2025-12-24 00:48:58,259 basehttp "GET /login HTTP/1.1" 404 2895
INFO 2025-12-24 00:49:06,667 basehttp "GET / HTTP/1.1" 200 250
INFO 2025-12-24 00:49:19,800 basehttp "GET /dashboard HTTP/1.1" 301 0
INFO 2025-12-24 00:49:20,717 basehttp "GET /dashboard/ HTTP/1.1" 200 11971
INFO 2025-12-24 00:49:21,255 basehttp "GET /static/admin/css/base.css HTTP/1.1" 200 21207
INFO 2025-12-24 00:49:21,446 basehttp "GET /static/admin/css/responsive.css HTTP/1.1" 200 18533
INFO 2025-12-24 00:49:21,465 basehttp "GET /static/admin/css/nav_sidebar.css HTTP/1.1" 200 2694
INFO 2025-12-24 00:49:21,469 basehttp "GET /static/admin/css/dashboard.css HTTP/1.1" 200 441
INFO 2025-12-24 00:49:21,472 basehttp "GET /static/admin/css/dark_mode.css HTTP/1.1" 200 2929
INFO 2025-12-24 00:49:21,541 basehttp "GET /static/admin/img/icon-addlink.svg HTTP/1.1" 200 331
INFO 2025-12-24 00:49:21,541 basehttp "GET /static/admin/img/icon-changelink.svg HTTP/1.1" 200 380
INFO 2025-12-24 00:49:21,541 basehttp "GET /static/admin/js/nav_sidebar.js HTTP/1.1" 200 3063
INFO 2025-12-24 00:49:21,560 basehttp "GET /static/admin/js/theme.js HTTP/1.1" 200 1943
ERROR 2025-12-24 00:49:29,993 log Internal Server Error: /dashboard/authtoken/tokenproxy/add/
Traceback (most recent call last):
  File "E:\PitCrewAiReview\backend\venv\Lib\site-packages\django\core\handlers\exception.py", line 55, in inner
    response = get_response(request)
  File "E:\PitCrewAiReview\backend\venv\Lib\site-packages\django\core\handlers\base.py", line 220, in _get_response
    response = response.render()
  File "E:\PitCrewAiReview\backend\venv\Lib\site-packages\django\template\response.py", line 114, in render
    self.content = self.rendered_content
                   ^^^^^^^^^^^^^^^^^^^^^
  File "E:\PitCrewAiReview\backend\venv\Lib\site-packages\django\template\response.py", line 92, in rendered_content
    return template.render(context, self._request)
           ~~~~~~~~~~~~~~~^^^^^^^^^^^^^^^^^^^^^^^^
  File "E:\PitCrewAiReview\backend\venv\Lib\site-packages\django\template\backends\django.py", line 61, in render
    return self.template.render(context)
           ~~~~~~~~~~~~~~~~~~~~^^^^^^^^^
  File "E:\PitCrewAiReview\backend\venv\Lib\site-packages\django\template\base.py", line 175, in render
    return self._render(context)
           ~~~~~~~~~~~~^^^^^^^^^
  File "E:\PitCrewAiReview\backend\venv\Lib\site-packages\django\template\base.py", line 167, in _render
    return self.nodelist.render(context)
           ~~~~~~~~~~~~~~~~~~~~^^^^^^^^^
  File "E:\PitCrewAiReview\backend\venv\Lib\site-packages\django\template\base.py", line 1005, in render
    return SafeString("".join([node.render_annotated(context) for node in self]))
                               ~~~~~~~~~~~~~~~~~~~~~^^^^^^^^^
  File "E:\PitCrewAiReview\backend\venv\Lib\site-packages\django\template\base.py", line 966, in render_annotated
    return self.render(context)
           ~~~~~~~~~~~^^^^^^^^^
  File "E:\PitCrewAiReview\backend\venv\Lib\site-packages\django\template\loader_tags.py", line 157, in render
    return compiled_parent._render(context)
           ~~~~~~~~~~~~~~~~~~~~~~~^^^^^^^^^
  File "E:\PitCrewAiReview\backend\venv\Lib\site-packages\django\template\base.py", line 167, in _render
    return self.nodelist.render(context)
           ~~~~~~~~~~~~~~~~~~~~^^^^^^^^^
  File "E:\PitCrewAiReview\backend\venv\Lib\site-packages\django\template\base.py", line 1005, in render
    return SafeString("".join([node.render_annotated(context) for node in self]))
                               ~~~~~~~~~~~~~~~~~~~~~^^^^^^^^^
  File "E:\PitCrewAiReview\backend\venv\Lib\site-packages\django\template\base.py", line 966, in render_annotated
    return self.render(context)
           ~~~~~~~~~~~^^^^^^^^^
  File "E:\PitCrewAiReview\backend\venv\Lib\site-packages\django\template\loader_tags.py", line 157, in render
    return compiled_parent._render(context)
           ~~~~~~~~~~~~~~~~~~~~~~~^^^^^^^^^
  File "E:\PitCrewAiReview\backend\venv\Lib\site-packages\django\template\base.py", line 167, in _render
    return self.nodelist.render(context)
           ~~~~~~~~~~~~~~~~~~~~^^^^^^^^^
  File "E:\PitCrewAiReview\backend\venv\Lib\site-packages\django\template\base.py", line 1005, in render
    return SafeString("".join([node.render_annotated(context) for node in self]))
                               ~~~~~~~~~~~~~~~~~~~~~^^^^^^^^^
  File "E:\PitCrewAiReview\backend\venv\Lib\site-packages\django\template\base.py", line 966, in render_annotated
    return self.render(context)
           ~~~~~~~~~~~^^^^^^^^^
  File "E:\PitCrewAiReview\backend\venv\Lib\site-packages\django\template\loader_tags.py", line 63, in render
    result = block.nodelist.render(context)
  File "E:\PitCrewAiReview\backend\venv\Lib\site-packages\django\template\base.py", line 1005, in render
    return SafeString("".join([node.render_annotated(context) for node in self]))
                               ~~~~~~~~~~~~~~~~~~~~~^^^^^^^^^
  File "E:\PitCrewAiReview\backend\venv\Lib\site-packages\django\template\base.py", line 966, in render_annotated
    return self.render(context)
           ~~~~~~~~~~~^^^^^^^^^
  File "E:\PitCrewAiReview\backend\venv\Lib\site-packages\django\template\loader_tags.py", line 63, in render
    result = block.nodelist.render(context)
  File "E:\PitCrewAiReview\backend\venv\Lib\site-packages\django\template\base.py", line 1005, in render
    return SafeString("".join([node.render_annotated(context) for node in self]))
                               ~~~~~~~~~~~~~~~~~~~~~^^^^^^^^^
  File "E:\PitCrewAiReview\backend\venv\Lib\site-packages\django\template\base.py", line 966, in render_annotated
    return self.render(context)
           ~~~~~~~~~~~^^^^^^^^^
  File "E:\PitCrewAiReview\backend\venv\Lib\site-packages\django\contrib\admin\templatetags\base.py", line 45, in render
    return super().render(context)
           ~~~~~~~~~~~~~~^^^^^^^^^
  File "E:\PitCrewAiReview\backend\venv\Lib\site-packages\django\template\library.py", line 271, in render
    new_context = context.new(_dict)
  File "E:\PitCrewAiReview\backend\venv\Lib\site-packages\django\template\context.py", line 265, in new
    new_context = super().new(values)
  File "E:\PitCrewAiReview\backend\venv\Lib\site-packages\django\template\context.py", line 110, in new
    new_context = copy(self)
  File "C:\Users\khadi\AppData\Local\Programs\Python\Python314\Lib\copy.py", line 82, in copy
    return copier(x)
  File "E:\PitCrewAiReview\backend\venv\Lib\site-packages\django\template\context.py", line 158, in __copy__
    duplicate = super().__copy__()
  File "E:\PitCrewAiReview\backend\venv\Lib\site-packages\django\template\context.py", line 39, in __copy__
    duplicate.dicts = self.dicts[:]
    ^^^^^^^^^^^^^^^
AttributeError: 'super' object has no attribute 'dicts' and no __dict__ for setting new attributes
ERROR 2025-12-24 00:49:30,041 basehttp "GET /dashboard/authtoken/tokenproxy/add/ HTTP/1.1" 500 423923
INFO 2025-12-24 00:52:34,702 autoreload E:\PitCrewAiReview\backend\pitcrew\settings.py changed, reloading.
INFO 2025-12-24 00:52:34,710 autoreload E:\PitCrewAiReview\backend\pitcrew\settings.py changed, reloading.
INFO 2025-12-24 01:23:34,696 autoreload Watching for file changes with StatReloader
INFO 2025-12-24 01:23:40,922 basehttp "GET / HTTP/1.1" 200 250
INFO 2025-12-24 01:23:46,840 basehttp "GET /dashboard/ HTTP/1.1" 200 11971
ERROR 2025-12-24 01:23:54,635 log Internal Server Error: /dashboard/authtoken/tokenproxy/add/
Traceback (most recent call last):
  File "E:\PitCrewAiReview\backend\venv\Lib\site-packages\django\core\handlers\exception.py", line 55, in inner
    response = get_response(request)
  File "E:\PitCrewAiReview\backend\venv\Lib\site-packages\django\core\handlers\base.py", line 220, in _get_response
    response = response.render()
  File "E:\PitCrewAiReview\backend\venv\Lib\site-packages\django\template\response.py", line 114, in render
    self.content = self.rendered_content
                   ^^^^^^^^^^^^^^^^^^^^^
  File "E:\PitCrewAiReview\backend\venv\Lib\site-packages\django\template\response.py", line 92, in rendered_content
    return template.render(context, self._request)
           ~~~~~~~~~~~~~~~^^^^^^^^^^^^^^^^^^^^^^^^
  File "E:\PitCrewAiReview\backend\venv\Lib\site-packages\django\template\backends\django.py", line 61, in render
    return self.template.render(context)
           ~~~~~~~~~~~~~~~~~~~~^^^^^^^^^
  File "E:\PitCrewAiReview\backend\venv\Lib\site-packages\django\template\base.py", line 175, in render
    return self._render(context)
           ~~~~~~~~~~~~^^^^^^^^^
  File "E:\PitCrewAiReview\backend\venv\Lib\site-packages\django\template\base.py", line 167, in _render
    return self.nodelist.render(context)
           ~~~~~~~~~~~~~~~~~~~~^^^^^^^^^
  File "E:\PitCrewAiReview\backend\venv\Lib\site-packages\django\template\base.py", line 1005, in render
    return SafeString("".join([node.render_annotated(context) for node in self]))
                               ~~~~~~~~~~~~~~~~~~~~~^^^^^^^^^
  File "E:\PitCrewAiReview\backend\venv\Lib\site-packages\django\template\base.py", line 966, in render_annotated
    return self.render(context)
           ~~~~~~~~~~~^^^^^^^^^
  File "E:\PitCrewAiReview\backend\venv\Lib\site-packages\django\template\loader_tags.py", line 157, in render
    return compiled_parent._render(context)
           ~~~~~~~~~~~~~~~~~~~~~~~^^^^^^^^^
  File "E:\PitCrewAiReview\backend\venv\Lib\site-packages\django\template\base.py", line 167, in _render
    return self.nodelist.render(context)
           ~~~~~~~~~~~~~~~~~~~~^^^^^^^^^
  File "E:\PitCrewAiReview\backend\venv\Lib\site-packages\django\template\base.py", line 1005, in render
    return SafeString("".join([node.render_annotated(context) for node in self]))
                               ~~~~~~~~~~~~~~~~~~~~~^^^^^^^^^
  File "E:\PitCrewAiReview\backend\venv\Lib\site-packages\django\template\base.py", line 966, in render_annotated
    return self.render(context)
           ~~~~~~~~~~~^^^^^^^^^
  File "E:\PitCrewAiReview\backend\venv\Lib\site-packages\django\template\loader_tags.py", line 157, in render
    return compiled_parent._render(context)
           ~~~~~~~~~~~~~~~~~~~~~~~^^^^^^^^^
  File "E:\PitCrewAiReview\backend\venv\Lib\site-packages\django\template\base.py", line 167, in _render
    return self.nodelist.render(context)
           ~~~~~~~~~~~~~~~~~~~~^^^^^^^^^
  File "E:\PitCrewAiReview\backend\venv\Lib\site-packages\django\template\base.py", line 1005, in render
    return SafeString("".join([node.render_annotated(context) for node in self]))
                               ~~~~~~~~~~~~~~~~~~~~~^^^^^^^^^
  File "E:\PitCrewAiReview\backend\venv\Lib\site-packages\django\template\base.py", line 966, in render_annotated
    return self.render(context)
           ~~~~~~~~~~~^^^^^^^^^
  File "E:\PitCrewAiReview\backend\venv\Lib\site-packages\django\template\loader_tags.py", line 63, in render
    result = block.nodelist.render(context)
  File "E:\PitCrewAiReview\backend\venv\Lib\site-packages\django\template\base.py", line 1005, in render
    return SafeString("".join([node.render_annotated(context) for node in self]))
                               ~~~~~~~~~~~~~~~~~~~~~^^^^^^^^^
  File "E:\PitCrewAiReview\backend\venv\Lib\site-packages\django\template\base.py", line 966, in render_annotated
    return self.render(context)
           ~~~~~~~~~~~^^^^^^^^^
  File "E:\PitCrewAiReview\backend\venv\Lib\site-packages\django\template\loader_tags.py", line 63, in render
    result = block.nodelist.render(context)
  File "E:\PitCrewAiReview\backend\venv\Lib\site-packages\django\template\base.py", line 1005, in render
    return SafeString("".join([node.render_annotated(context) for node in self]))
                               ~~~~~~~~~~~~~~~~~~~~~^^^^^^^^^
  File "E:\PitCrewAiReview\backend\venv\Lib\site-packages\django\template\base.py", line 966, in render_annotated
    return self.render(context)
           ~~~~~~~~~~~^^^^^^^^^
  File "E:\PitCrewAiReview\backend\venv\Lib\site-packages\django\contrib\admin\templatetags\base.py", line 45, in render
    return super().render(context)
           ~~~~~~~~~~~~~~^^^^^^^^^
  File "E:\PitCrewAiReview\backend\venv\Lib\site-packages\django\template\library.py", line 271, in render
    new_context = context.new(_dict)
  File "E:\PitCrewAiReview\backend\venv\Lib\site-packages\django\template\context.py", line 265, in new
    new_context = super().new(values)
  File "E:\PitCrewAiReview\backend\venv\Lib\site-packages\django\template\context.py", line 110, in new
    new_context = copy(self)
  File "C:\Users\khadi\AppData\Local\Programs\Python\Python314\Lib\copy.py", line 82, in copy
    return copier(x)
  File "E:\PitCrewAiReview\backend\venv\Lib\site-packages\django\template\context.py", line 158, in __copy__
    duplicate = super().__copy__()
  File "E:\PitCrewAiReview\backend\venv\Lib\site-packages\django\template\context.py", line 39, in __copy__
    duplicate.dicts = self.dicts[:]
    ^^^^^^^^^^^^^^^
AttributeError: 'super' object has no attribute 'dicts' and no __dict__ for setting new attributes
ERROR 2025-12-24 01:23:54,713 basehttp "GET /dashboard/authtoken/tokenproxy/add/ HTTP/1.1" 500 423910
INFO 2025-12-24 01:24:01,787 basehttp "GET /dashboard/ HTTP/1.1" 200 11971
ERROR 2025-12-24 01:24:22,806 log Internal Server Error: /dashboard/authtoken/tokenproxy/
Traceback (most recent call last):
  File "E:\PitCrewAiReview\backend\venv\Lib\site-packages\django\core\handlers\exception.py", line 55, in inner
    response = get_response(request)
  File "E:\PitCrewAiReview\backend\venv\Lib\site-packages\django\core\handlers\base.py", line 220, in _get_response
    response = response.render()
  File "E:\PitCrewAiReview\backend\venv\Lib\site-packages\django\template\response.py", line 114, in render
    self.content = self.rendered_content
                   ^^^^^^^^^^^^^^^^^^^^^
  File "E:\PitCrewAiReview\backend\venv\Lib\site-packages\django\template\response.py", line 92, in rendered_content
    return template.render(context, self._request)
           ~~~~~~~~~~~~~~~^^^^^^^^^^^^^^^^^^^^^^^^
  File "E:\PitCrewAiReview\backend\venv\Lib\site-packages\django\template\backends\django.py", line 61, in render
    return self.template.render(context)
           ~~~~~~~~~~~~~~~~~~~~^^^^^^^^^
  File "E:\PitCrewAiReview\backend\venv\Lib\site-packages\django\template\base.py", line 175, in render
    return self._render(context)
           ~~~~~~~~~~~~^^^^^^^^^
  File "E:\PitCrewAiReview\backend\venv\Lib\site-packages\django\template\base.py", line 167, in _render
    return self.nodelist.render(context)
           ~~~~~~~~~~~~~~~~~~~~^^^^^^^^^
  File "E:\PitCrewAiReview\backend\venv\Lib\site-packages\django\template\base.py", line 1005, in render
    return SafeString("".join([node.render_annotated(context) for node in self]))
                               ~~~~~~~~~~~~~~~~~~~~~^^^^^^^^^
  File "E:\PitCrewAiReview\backend\venv\Lib\site-packages\django\template\base.py", line 966, in render_annotated
    return self.render(context)
           ~~~~~~~~~~~^^^^^^^^^
  File "E:\PitCrewAiReview\backend\venv\Lib\site-packages\django\template\loader_tags.py", line 157, in render
    return compiled_parent._render(context)
           ~~~~~~~~~~~~~~~~~~~~~~~^^^^^^^^^
  File "E:\PitCrewAiReview\backend\venv\Lib\site-packages\django\template\base.py", line 167, in _render
    return self.nodelist.render(context)
           ~~~~~~~~~~~~~~~~~~~~^^^^^^^^^
  File "E:\PitCrewAiReview\backend\venv\Lib\site-packages\django\template\base.py", line 1005, in render
    return SafeString("".join([node.render_annotated(context) for node in self]))
                               ~~~~~~~~~~~~~~~~~~~~~^^^^^^^^^
  File "E:\PitCrewAiReview\backend\venv\Lib\site-packages\django\template\base.py", line 966, in render_annotated
    return self.render(context)
           ~~~~~~~~~~~^^^^^^^^^
  File "E:\PitCrewAiReview\backend\venv\Lib\site-packages\django\template\loader_tags.py", line 157, in render
    return compiled_parent._render(context)
           ~~~~~~~~~~~~~~~~~~~~~~~^^^^^^^^^
  File "E:\PitCrewAiReview\backend\venv\Lib\site-packages\django\template\base.py", line 167, in _render
    return self.nodelist.render(context)
           ~~~~~~~~~~~~~~~~~~~~^^^^^^^^^
  File "E:\PitCrewAiReview\backend\venv\Lib\site-packages\django\template\base.py", line 1005, in render
    return SafeString("".join([node.render_annotated(context) for node in self]))
                               ~~~~~~~~~~~~~~~~~~~~~^^^^^^^^^
  File "E:\PitCrewAiReview\backend\venv\Lib\site-packages\django\template\base.py", line 966, in render_annotated
    return self.render(context)
           ~~~~~~~~~~~^^^^^^^^^
  File "E:\PitCrewAiReview\backend\venv\Lib\site-packages\django\template\loader_tags.py", line 63, in render
    result = block.nodelist.render(context)
  File "E:\PitCrewAiReview\backend\venv\Lib\site-packages\django\template\base.py", line 1005, in render
    return SafeString("".join([node.render_annotated(context) for node in self]))
                               ~~~~~~~~~~~~~~~~~~~~~^^^^^^^^^
  File "E:\PitCrewAiReview\backend\venv\Lib\site-packages\django\template\base.py", line 966, in render_annotated
    return self.render(context)
           ~~~~~~~~~~~^^^^^^^^^
  File "E:\PitCrewAiReview\backend\venv\Lib\site-packages\django\template\loader_tags.py", line 63, in render
    result = block.nodelist.render(context)
  File "E:\PitCrewAiReview\backend\venv\Lib\site-packages\django\template\base.py", line 1005, in render
    return SafeString("".join([node.render_annotated(context) for node in self]))
                               ~~~~~~~~~~~~~~~~~~~~~^^^^^^^^^
  File "E:\PitCrewAiReview\backend\venv\Lib\site-packages\django\template\base.py", line 966, in render_annotated
    return self.render(context)
           ~~~~~~~~~~~^^^^^^^^^
  File "E:\PitCrewAiReview\backend\venv\Lib\site-packages\django\template\loader_tags.py", line 63, in render
    result = block.nodelist.render(context)
  File "E:\PitCrewAiReview\backend\venv\Lib\site-packages\django\template\base.py", line 1005, in render
    return SafeString("".join([node.render_annotated(context) for node in self]))
                               ~~~~~~~~~~~~~~~~~~~~~^^^^^^^^^
  File "E:\PitCrewAiReview\backend\venv\Lib\site-packages\django\template\base.py", line 966, in render_annotated
    return self.render(context)
           ~~~~~~~~~~~^^^^^^^^^
  File "E:\PitCrewAiReview\backend\venv\Lib\site-packages\django\contrib\admin\templatetags\base.py", line 45, in render
    return super().render(context)
           ~~~~~~~~~~~~~~^^^^^^^^^
  File "E:\PitCrewAiReview\backend\venv\Lib\site-packages\django\template\library.py", line 271, in render
    new_context = context.new(_dict)
  File "E:\PitCrewAiReview\backend\venv\Lib\site-packages\django\template\context.py", line 265, in new
    new_context = super().new(values)
  File "E:\PitCrewAiReview\backend\venv\Lib\site-packages\django\template\context.py", line 110, in new
    new_context = copy(self)
  File "C:\Users\khadi\AppData\Local\Programs\Python\Python314\Lib\copy.py", line 82, in copy
    return copier(x)
  File "E:\PitCrewAiReview\backend\venv\Lib\site-packages\django\template\context.py", line 158, in __copy__
    duplicate = super().__copy__()
  File "E:\PitCrewAiReview\backend\venv\Lib\site-packages\django\template\context.py", line 39, in __copy__
    duplicate.dicts = self.dicts[:]
    ^^^^^^^^^^^^^^^
AttributeError: 'super' object has no attribute 'dicts' and no __dict__ for setting new attributes
ERROR 2025-12-24 01:24:22,876 basehttp "GET /dashboard/authtoken/tokenproxy/ HTTP/1.1" 500 462987
INFO 2025-12-24 01:24:30,092 basehttp "GET /dashboard/ HTTP/1.1" 200 11971
